<?xml version="1.0" encoding="UTF-8"?>
<!-- Generated by org.testng.reporters.JUnitReportReporter -->
<testsuite hostname="DESKTOP-AHJ7FPI" failures="0" tests="2" name="com.Youtube.Slider" time="17.392" errors="0" timestamp="2025-02-19T17:15:14 IST" skipped="0">
  <testcase classname="com.Youtube.Slider" name="skipAdd" time="1.213"/>
  <testcase classname="com.Youtube.Slider" name="slider" time="16.179"/>
</testsuite> <!-- com.Youtube.Slider -->
